Running
Module loaded
1GPUs are available!
500000
Epoch 1 of 100
Saving new model. New best_loss =  263.33152859375
Train Loss: 492.4797
Val Loss: 263.3315
Epoch 2 of 100
Saving new model. New best_loss =  87.27564046875
Train Loss: 74.7670
Val Loss: 87.2756
Epoch 3 of 100
Train Loss: 55.3956
Val Loss: 98.0913
Epoch 4 of 100
Saving new model. New best_loss =  57.22913875
Train Loss: 46.6015
Val Loss: 57.2291
Epoch 5 of 100
Train Loss: 41.6360
Val Loss: 71.5894
Epoch 6 of 100
Saving new model. New best_loss =  41.45082521484375
Train Loss: 37.7138
Val Loss: 41.4508
Epoch 7 of 100
Train Loss: 35.6596
Val Loss: 65.1520
Epoch 8 of 100
Train Loss: 33.8062
Val Loss: 43.4717
Epoch 9 of 100
Saving new model. New best_loss =  40.39606375
Train Loss: 31.9676
Val Loss: 40.3961
Epoch 10 of 100
Saving new model. New best_loss =  34.5679674609375
Train Loss: 30.4791
Val Loss: 34.5680
Epoch 11 of 100
Train Loss: 28.5532
Val Loss: 37.2487
Epoch 12 of 100
Train Loss: 27.8863
Val Loss: 35.1967
Epoch 13 of 100
Saving new model. New best_loss =  24.7586391796875
Train Loss: 27.0830
Val Loss: 24.7586
Epoch 14 of 100
Train Loss: 26.7611
Val Loss: 42.4881
Epoch 15 of 100
Train Loss: 25.3807
Val Loss: 25.5551
Epoch 16 of 100
Saving new model. New best_loss =  20.85287654296875
Train Loss: 25.4990
Val Loss: 20.8529
Epoch 17 of 100
Saving new model. New best_loss =  19.781695703125
Train Loss: 24.8916
Val Loss: 19.7817
Epoch 18 of 100
Train Loss: 24.4876
Val Loss: 40.4889
Epoch 19 of 100
Train Loss: 23.7003
Val Loss: 22.5420
Epoch 20 of 100
Saving new model. New best_loss =  19.1689927734375
Train Loss: 23.2084
Val Loss: 19.1690
Epoch 21 of 100
Train Loss: 23.3003
Val Loss: 20.2389
Epoch 22 of 100
Train Loss: 22.7204
Val Loss: 28.0606
Epoch 23 of 100
Saving new model. New best_loss =  17.91830701171875
Train Loss: 22.4267
Val Loss: 17.9183
Epoch 24 of 100
Saving new model. New best_loss =  14.29973953125
Train Loss: 22.0192
Val Loss: 14.2997
Epoch 25 of 100
Train Loss: 22.0344
Val Loss: 29.5027
Epoch 26 of 100
Train Loss: 21.3770
Val Loss: 17.8885
Epoch 27 of 100
Train Loss: 21.0899
Val Loss: 14.6893
Epoch 28 of 100
Train Loss: 21.2327
Val Loss: 16.2532
Epoch 29 of 100
Train Loss: 21.0649
Val Loss: 14.6444
Epoch 30 of 100
Train Loss: 20.8641
Val Loss: 19.1868
Epoch 31 of 100
Saving new model. New best_loss =  13.2275815234375
Train Loss: 20.2215
Val Loss: 13.2276
Epoch 32 of 100
Saving new model. New best_loss =  12.5658502734375
Train Loss: 20.0650
Val Loss: 12.5659
Epoch 33 of 100
Train Loss: 19.9131
Val Loss: 13.1725
Epoch 34 of 100
Train Loss: 20.1318
Val Loss: 18.4450
Epoch 35 of 100
Train Loss: 19.8562
Val Loss: 12.9614
Epoch 36 of 100
Train Loss: 19.7649
Val Loss: 19.6326
Epoch 37 of 100
Saving new model. New best_loss =  12.043244072265624
Train Loss: 19.5282
Val Loss: 12.0432
Epoch 38 of 100
Train Loss: 19.7689
Val Loss: 15.9780
Epoch 39 of 100
Train Loss: 19.2143
Val Loss: 13.8367
Epoch 40 of 100
Train Loss: 18.8965
Val Loss: 12.6721
Epoch 41 of 100
Train Loss: 19.0084
Val Loss: 14.1202
Epoch 42 of 100
Train Loss: 18.8728
Val Loss: 15.2664
Epoch 43 of 100
Saving new model. New best_loss =  11.929836528320312
Train Loss: 19.0489
Val Loss: 11.9298
Epoch 44 of 100
Train Loss: 19.1457
Val Loss: 15.5102
Epoch 45 of 100
Saving new model. New best_loss =  11.417347607421876
Train Loss: 18.7102
Val Loss: 11.4173
Epoch 46 of 100
Train Loss: 18.4479
Val Loss: 12.0466
Epoch 47 of 100
Saving new model. New best_loss =  11.358558427734375
Train Loss: 18.5287
Val Loss: 11.3586
Epoch 48 of 100
Saving new model. New best_loss =  10.28171408203125
Train Loss: 18.2253
Val Loss: 10.2817
Epoch 49 of 100
Train Loss: 18.4406
Val Loss: 11.0579
Epoch 50 of 100
Train Loss: 18.3999
Val Loss: 10.8288
Epoch 51 of 100
Train Loss: 18.1595
Val Loss: 14.5996
Epoch 52 of 100
Train Loss: 18.1763
Val Loss: 14.3842
Epoch 53 of 100
Train Loss: 18.3660
Val Loss: 11.9489
Epoch 54 of 100
Saving new model. New best_loss =  9.992173759765626
Train Loss: 17.1288
Val Loss: 9.9922
Epoch 55 of 100
Train Loss: 18.0258
Val Loss: 15.6033
Epoch 56 of 100
Train Loss: 18.1832
Val Loss: 11.2637
Epoch 57 of 100
Train Loss: 17.6341
Val Loss: 12.5014
Epoch 58 of 100
Train Loss: 17.8389
Val Loss: 10.5396
Epoch 59 of 100
Saving new model. New best_loss =  8.877496171875
Train Loss: 17.8827
Val Loss: 8.8775
Epoch 60 of 100
Train Loss: 17.7539
Val Loss: 12.1866
Epoch 61 of 100
Train Loss: 17.4566
Val Loss: 10.7076
Epoch 62 of 100
Train Loss: 17.1865
Val Loss: 9.9418
Epoch 63 of 100
Saving new model. New best_loss =  8.8120315625
Train Loss: 17.2610
Val Loss: 8.8120
Epoch 64 of 100
Train Loss: 17.2163
Val Loss: 10.3836
Epoch 65 of 100
Train Loss: 17.0831
Val Loss: 9.0741
Epoch 66 of 100
Train Loss: 17.3962
Val Loss: 9.6883
Epoch 67 of 100
Train Loss: 17.0666
Val Loss: 8.9650
Epoch 68 of 100
Train Loss: 17.1780
Val Loss: 12.3794
Epoch 69 of 100
Train Loss: 17.1775
Val Loss: 9.5304
Epoch 70 of 100
Train Loss: 17.0808
Val Loss: 9.5711
Epoch 71 of 100
Train Loss: 17.0167
Val Loss: 10.4068
Epoch 72 of 100
Train Loss: 16.9254
Val Loss: 10.1984
Epoch 73 of 100
Train Loss: 16.9855
Val Loss: 11.1317
Epoch 74 of 100
Train Loss: 16.6339
Val Loss: 9.7276
Epoch 75 of 100
Train Loss: 16.8957
Val Loss: 9.0964
Epoch 76 of 100
Train Loss: 16.6977
Val Loss: 9.6724
Epoch 77 of 100
Saving new model. New best_loss =  8.457386865234374
Train Loss: 16.9018
Val Loss: 8.4574
Epoch 78 of 100
Saving new model. New best_loss =  8.455934497070313
Train Loss: 16.9111
Val Loss: 8.4559
Epoch 79 of 100
Train Loss: 16.8856
Val Loss: 9.1697
Epoch 80 of 100
Train Loss: 16.6743
Val Loss: 9.0157
Epoch 81 of 100
Train Loss: 16.6026
Val Loss: 8.6424
Epoch 82 of 100
Train Loss: 16.5990
Val Loss: 9.5715
Epoch 83 of 100
Train Loss: 16.8721
Val Loss: 8.5517
Epoch 84 of 100
Train Loss: 16.5225
Val Loss: 12.0984
Epoch 85 of 100
Train Loss: 16.4078
Val Loss: 9.7058
Epoch 86 of 100
Train Loss: 16.5866
Val Loss: 9.5316
Epoch 87 of 100
Train Loss: 16.4592
Val Loss: 9.7377
Epoch 88 of 100
Train Loss: 16.4339
Val Loss: 10.1831
Epoch 89 of 100
Train Loss: 16.5135
Val Loss: 9.4969
Epoch 90 of 100
Train Loss: 16.1528
Val Loss: 8.4615
Epoch 91 of 100
Saving new model. New best_loss =  7.614722583007812
Train Loss: 16.3448
Val Loss: 7.6147
Epoch 92 of 100
Train Loss: 16.7591
Val Loss: 8.8989
Epoch 93 of 100
Train Loss: 16.0954
Val Loss: 8.9734
Epoch 94 of 100
Train Loss: 16.1949
Val Loss: 10.2291
Epoch 95 of 100
Train Loss: 16.0412
Val Loss: 9.8904
Epoch 96 of 100
Saving new model. New best_loss =  7.557942788085938
Train Loss: 16.3124
Val Loss: 7.5579
Epoch 97 of 100
Train Loss: 15.8815
Val Loss: 11.0599
Epoch 98 of 100
Train Loss: 16.2958
Val Loss: 9.4080
Epoch 99 of 100
Train Loss: 16.0615
Val Loss: 8.5335
Epoch 100 of 100
Train Loss: 16.1401
Val Loss: 9.6665
Done
